2020-03-01 19:12:40,462 INFO o.a.j.u.JMeterUtils: Setting Locale to en_EN
2020-03-01 19:12:40,472 INFO o.a.j.JMeter: Loading user properties from: /opt/jmeter/bin/user.properties
2020-03-01 19:12:40,472 INFO o.a.j.JMeter: Loading system properties from: /opt/jmeter/bin/system.properties
2020-03-01 19:12:40,473 INFO o.a.j.JMeter: Copyright (c) 1998-2019 The Apache Software Foundation
2020-03-01 19:12:40,473 INFO o.a.j.JMeter: Version 5.2
2020-03-01 19:12:40,473 INFO o.a.j.JMeter: java.version=1.8.0_242
2020-03-01 19:12:40,473 INFO o.a.j.JMeter: java.vm.name=OpenJDK 64-Bit Server VM
2020-03-01 19:12:40,473 INFO o.a.j.JMeter: os.name=Linux
2020-03-01 19:12:40,473 INFO o.a.j.JMeter: os.arch=amd64
2020-03-01 19:12:40,473 INFO o.a.j.JMeter: os.version=5.5.6-arch1-1
2020-03-01 19:12:40,474 INFO o.a.j.JMeter: file.encoding=UTF-8
2020-03-01 19:12:40,474 INFO o.a.j.JMeter: java.awt.headless=true
2020-03-01 19:12:40,474 INFO o.a.j.JMeter: Max memory     =1073741824
2020-03-01 19:12:40,474 INFO o.a.j.JMeter: Available Processors =8
2020-03-01 19:12:40,477 INFO o.a.j.JMeter: Default Locale=English (EN)
2020-03-01 19:12:40,477 INFO o.a.j.JMeter: JMeter  Locale=English (EN)
2020-03-01 19:12:40,477 INFO o.a.j.JMeter: JMeterHome=/opt/jmeter
2020-03-01 19:12:40,477 INFO o.a.j.JMeter: user.dir  =/home/jinhu/Repos/apache-jmeter-demo
2020-03-01 19:12:40,478 INFO o.a.j.JMeter: PWD       =/home/jinhu/Repos/apache-jmeter-demo
2020-03-01 19:12:40,478 INFO o.a.j.JMeter: IP: 127.0.0.1 Name: xps-9360 FullName: 127.0.0.1
2020-03-01 19:12:40,480 INFO o.a.j.JMeter: Setting property 'jmeter.reportgenerator.outputdir' to:'/home/jinhu/Repos/apache-jmeter-demo/./testresults'
2020-03-01 19:12:40,482 INFO o.a.j.s.FileServer: Default base='/home/jinhu/Repos/apache-jmeter-demo'
2020-03-01 19:12:40,486 INFO o.a.j.s.FileServer: Set new base='/home/jinhu/Repos/apache-jmeter-demo/.'
2020-03-01 19:12:40,580 INFO o.a.j.s.SaveService: Testplan (JMX) version: 2.2. Testlog (JTL) version: 2.2
2020-03-01 19:12:40,585 INFO o.a.j.s.SaveService: Using SaveService properties file encoding UTF-8
2020-03-01 19:12:40,588 INFO o.a.j.s.SaveService: Using SaveService properties version 5.0
2020-03-01 19:12:40,594 INFO o.a.j.s.SaveService: Loading file: ./test_plan.jmx
2020-03-01 19:12:40,698 INFO o.a.j.e.KeyToolUtils: keytool found at 'keytool'
2020-03-01 19:12:40,699 INFO o.a.j.p.h.p.ProxyControl: HTTP(S) Test Script Recorder SSL Proxy will use keys that support embedded 3rd party resources in file /opt/jmeter/bin/proxyserver.jks
2020-03-01 19:12:40,733 INFO o.a.j.p.h.s.HTTPSamplerBase: Parser for text/html is org.apache.jmeter.protocol.http.parser.LagartoBasedHtmlParser
2020-03-01 19:12:40,734 INFO o.a.j.p.h.s.HTTPSamplerBase: Parser for application/xhtml+xml is org.apache.jmeter.protocol.http.parser.LagartoBasedHtmlParser
2020-03-01 19:12:40,734 INFO o.a.j.p.h.s.HTTPSamplerBase: Parser for application/xml is org.apache.jmeter.protocol.http.parser.LagartoBasedHtmlParser
2020-03-01 19:12:40,734 INFO o.a.j.p.h.s.HTTPSamplerBase: Parser for text/xml is org.apache.jmeter.protocol.http.parser.LagartoBasedHtmlParser
2020-03-01 19:12:40,734 INFO o.a.j.p.h.s.HTTPSamplerBase: Parser for text/vnd.wap.wml is org.apache.jmeter.protocol.http.parser.RegexpHTMLParser
2020-03-01 19:12:40,734 INFO o.a.j.p.h.s.HTTPSamplerBase: Parser for text/css is org.apache.jmeter.protocol.http.parser.CssParser
2020-03-01 19:12:40,748 INFO o.a.j.JMeter: Creating summariser <summary>
2020-03-01 19:12:40,752 INFO o.a.j.r.d.ReportGenerator: ReportGenerator will use for Parsing the separator: ','
2020-03-01 19:12:40,752 INFO o.a.j.r.d.ReportGenerator: Will generate report at end of test from  results file: ./testresults.log
2020-03-01 19:12:40,753 INFO o.a.j.r.d.ReportGenerator: Reading report generator properties from: /opt/jmeter/bin/reportgenerator.properties
2020-03-01 19:12:40,753 INFO o.a.j.r.d.ReportGenerator: Merging with JMeter properties
2020-03-01 19:12:40,757 INFO o.a.j.r.c.ReportGeneratorConfiguration: Property 'jmeter.reportgenerator.temp_dir' not found, using default value 'temp' instead.
2020-03-01 19:12:40,759 INFO o.a.j.r.c.ReportGeneratorConfiguration: Property 'jmeter.reportgenerator.apdex_per_transaction' not found, using default value 'null' instead.
2020-03-01 19:12:40,759 INFO o.a.j.r.c.ReportGeneratorConfiguration: apdex_per_transaction is empty, not APDEX per transaction customization
2020-03-01 19:12:40,759 INFO o.a.j.r.c.ReportGeneratorConfiguration: Property 'jmeter.reportgenerator.sample_filter' not found, using default value 'null' instead.
2020-03-01 19:12:40,760 INFO o.a.j.r.c.ReportGeneratorConfiguration: Property 'jmeter.reportgenerator.report_title' not found, using default value 'null' instead.
2020-03-01 19:12:40,760 INFO o.a.j.r.c.ReportGeneratorConfiguration: Property 'jmeter.reportgenerator.start_date' not found, using default value 'null' instead.
2020-03-01 19:12:40,760 INFO o.a.j.r.c.ReportGeneratorConfiguration: Property 'jmeter.reportgenerator.end_date' not found, using default value 'null' instead.
2020-03-01 19:12:40,760 INFO o.a.j.r.c.ReportGeneratorConfiguration: Property 'jmeter.reportgenerator.date_format' not found, using default value 'null' instead.
2020-03-01 19:12:40,760 INFO o.a.j.r.c.ReportGeneratorConfiguration: Will use date range start date: null, end date: null
2020-03-01 19:12:40,764 INFO o.a.j.r.c.ReportGeneratorConfiguration: Property 'jmeter.reportgenerator.graph.totalTPS.exclude_controllers' not found, using default value 'false' instead.
2020-03-01 19:12:40,764 INFO o.a.j.r.c.ReportGeneratorConfiguration: Property 'jmeter.reportgenerator.graph.activeThreadsOverTime.exclude_controllers' not found, using default value 'false' instead.
2020-03-01 19:12:40,764 INFO o.a.j.r.c.ReportGeneratorConfiguration: Property 'jmeter.reportgenerator.graph.timeVsThreads.exclude_controllers' not found, using default value 'false' instead.
2020-03-01 19:12:40,764 INFO o.a.j.r.c.ReportGeneratorConfiguration: Property 'jmeter.reportgenerator.graph.responseTimeDistribution.exclude_controllers' not found, using default value 'false' instead.
2020-03-01 19:12:40,765 INFO o.a.j.r.c.ReportGeneratorConfiguration: Property 'jmeter.reportgenerator.graph.transactionsPerSecond.exclude_controllers' not found, using default value 'false' instead.
2020-03-01 19:12:40,765 INFO o.a.j.r.c.ReportGeneratorConfiguration: Property 'jmeter.reportgenerator.graph.responseTimePercentiles.exclude_controllers' not found, using default value 'false' instead.
2020-03-01 19:12:40,765 INFO o.a.j.r.c.ReportGeneratorConfiguration: Property 'jmeter.reportgenerator.graph.responseTimePercentilesOverTime.exclude_controllers' not found, using default value 'false' instead.
2020-03-01 19:12:40,765 INFO o.a.j.r.c.ReportGeneratorConfiguration: Property 'jmeter.reportgenerator.graph.responseTimesOverTime.exclude_controllers' not found, using default value 'false' instead.
2020-03-01 19:12:40,765 INFO o.a.j.r.c.ReportGeneratorConfiguration: Property 'jmeter.reportgenerator.graph.connectTimeOverTime.exclude_controllers' not found, using default value 'false' instead.
2020-03-01 19:12:40,766 INFO o.a.j.r.c.ReportGeneratorConfiguration: Property 'jmeter.reportgenerator.graph.latenciesOverTime.exclude_controllers' not found, using default value 'false' instead.
2020-03-01 19:12:40,766 INFO o.a.j.r.c.ReportGeneratorConfiguration: Property 'jmeter.reportgenerator.exporter.json.filters_only_sample_series' not found, using default value 'true' instead.
2020-03-01 19:12:40,766 INFO o.a.j.r.c.ReportGeneratorConfiguration: Property 'jmeter.reportgenerator.exporter.json.series_filter' not found, using default value '' instead.
2020-03-01 19:12:40,767 INFO o.a.j.r.c.ReportGeneratorConfiguration: Property 'jmeter.reportgenerator.exporter.json.show_controllers_only' not found, using default value 'false' instead.
2020-03-01 19:12:40,767 INFO o.a.j.r.c.ReportGeneratorConfiguration: Property 'jmeter.reportgenerator.exporter.html.filters_only_sample_series' not found, using default value 'true' instead.
2020-03-01 19:12:40,767 INFO o.a.j.r.c.ReportGeneratorConfiguration: Property 'jmeter.reportgenerator.exporter.html.series_filter' not found, using default value '' instead.
2020-03-01 19:12:40,767 INFO o.a.j.r.c.ReportGeneratorConfiguration: Property 'jmeter.reportgenerator.exporter.html.show_controllers_only' not found, using default value 'false' instead.
2020-03-01 19:12:40,773 INFO o.a.j.e.StandardJMeterEngine: Running the test!
2020-03-01 19:12:40,773 INFO o.a.j.s.SampleEvent: List of sample_variables: []
2020-03-01 19:12:40,773 INFO o.a.j.s.SampleEvent: List of sample_variables: []
2020-03-01 19:12:40,778 INFO o.a.j.e.u.CompoundVariable: Note: Function class names must contain the string: '.functions.'
2020-03-01 19:12:40,778 INFO o.a.j.e.u.CompoundVariable: Note: Function class names must not contain the string: '.gui.'
2020-03-01 19:12:41,183 INFO o.a.j.JMeter: Running test (1583061161183)
2020-03-01 19:12:41,218 INFO o.a.j.e.StandardJMeterEngine: Starting ThreadGroup: 1 : Thread Group
2020-03-01 19:12:41,218 INFO o.a.j.e.StandardJMeterEngine: Starting 1 threads for group Thread Group.
2020-03-01 19:12:41,219 INFO o.a.j.e.StandardJMeterEngine: Thread will continue on error
2020-03-01 19:12:41,219 INFO o.a.j.t.ThreadGroup: Starting thread group... number=1 threads=1 ramp-up=1 delayedStart=false
2020-03-01 19:12:41,223 INFO o.a.j.t.ThreadGroup: Started thread group number 1
2020-03-01 19:12:41,223 INFO o.a.j.e.StandardJMeterEngine: All thread groups have been started
2020-03-01 19:12:41,224 INFO o.a.j.t.JMeterThread: Thread started: Thread Group 1-1
2020-03-01 19:12:41,493 INFO o.a.j.p.h.s.HTTPHCAbstractImpl: Local host = xps-9360
2020-03-01 19:12:41,499 INFO o.a.j.p.h.s.HTTPHC4Impl: HTTP request retry count = 0
2020-03-01 19:12:41,500 INFO o.a.j.s.SampleResult: Note: Sample TimeStamps are START times
2020-03-01 19:12:41,500 INFO o.a.j.s.SampleResult: sampleresult.default.encoding is set to ISO-8859-1
2020-03-01 19:12:41,500 INFO o.a.j.s.SampleResult: sampleresult.useNanoTime=true
2020-03-01 19:12:41,500 INFO o.a.j.s.SampleResult: sampleresult.nanoThreadSleep=5000
2020-03-01 19:12:41,578 INFO o.a.j.p.h.s.h.LazyLayeredConnectionSocketFactory: Setting up HTTPS TrustAll Socket Factory
2020-03-01 19:12:41,583 INFO o.a.j.u.JsseSSLManager: Using default SSL protocol: TLS
2020-03-01 19:12:41,583 INFO o.a.j.u.JsseSSLManager: SSL session context: per-thread
2020-03-01 19:12:41,622 INFO o.a.j.u.SSLManager: JmeterKeyStore Location:  type JKS
2020-03-01 19:12:41,627 INFO o.a.j.u.SSLManager: KeyStore created OK
2020-03-01 19:12:41,627 WARN o.a.j.u.SSLManager: Keystore file not found, loading empty keystore
2020-03-01 19:12:49,106 INFO o.a.j.t.JMeterThread: Thread is done: Thread Group 1-1
2020-03-01 19:12:49,106 INFO o.a.j.t.JMeterThread: Thread finished: Thread Group 1-1
2020-03-01 19:12:49,108 INFO o.a.j.e.StandardJMeterEngine: Notifying test listeners of end of test
2020-03-01 19:12:49,110 INFO o.a.j.r.Summariser: summary =      3 in 00:00:08 =    0.4/s Avg:  2433 Min:  1833 Max:  2756 Err:     0 (0.00%)
2020-03-01 19:12:49,110 INFO o.a.j.JMeter: Generating Dashboard
2020-03-01 19:12:49,110 INFO o.a.j.r.d.ReportGenerator: Flushing result collector before report Generation
2020-03-01 19:12:49,133 INFO o.a.j.r.p.NormalizerSampleConsumer: Using format, 'ms', to parse timeStamp field
2020-03-01 19:12:49,194 INFO o.a.j.r.p.AbstractSampleConsumer: class org.apache.jmeter.report.processor.AggregateConsumer#stopProducing(): beginDate produced 0 samples
2020-03-01 19:12:49,194 INFO o.a.j.r.p.AbstractSampleConsumer: class org.apache.jmeter.report.processor.AggregateConsumer#stopProducing(): endDate produced 0 samples
2020-03-01 19:12:49,197 INFO o.a.j.r.p.AbstractSampleConsumer: class org.apache.jmeter.report.processor.ApdexSummaryConsumer#stopProducing(): apdexSummary produced 0 samples
2020-03-01 19:12:49,197 INFO o.a.j.r.p.AbstractSampleConsumer: class org.apache.jmeter.report.processor.RequestsSummaryConsumer#stopProducing(): requestsSummary produced 0 samples
2020-03-01 19:12:49,204 INFO o.a.j.r.p.AbstractSampleConsumer: class org.apache.jmeter.report.processor.StatisticsSummaryConsumer#stopProducing(): statisticsSummary produced 0 samples
2020-03-01 19:12:49,208 INFO o.a.j.r.p.AbstractSampleConsumer: class org.apache.jmeter.report.processor.Top5ErrorsBySamplerConsumer#stopProducing(): top5ErrorsBySampler produced 0 samples
2020-03-01 19:12:49,208 INFO o.a.j.r.p.AbstractSampleConsumer: class org.apache.jmeter.report.processor.ErrorsSummaryConsumer#stopProducing(): errorsSummary produced 0 samples
2020-03-01 19:12:49,208 INFO o.a.j.r.p.AbstractSampleConsumer: class org.apache.jmeter.report.processor.graph.impl.HitsPerSecondGraphConsumer#stopProducing(): hitsPerSecond produced 0 samples
2020-03-01 19:12:49,214 INFO o.a.j.r.p.AbstractSampleConsumer: class org.apache.jmeter.report.processor.graph.impl.LatencyVSRequestGraphConsumer#stopProducing(): latencyVsRequest produced 0 samples
2020-03-01 19:12:49,215 INFO o.a.j.r.p.AbstractSampleConsumer: class org.apache.jmeter.report.processor.graph.impl.SyntheticResponseTimeDistributionGraphConsumer#stopProducing(): syntheticResponseTimeDistribution produced 0 samples
2020-03-01 19:12:49,215 INFO o.a.j.r.p.AbstractSampleConsumer: class org.apache.jmeter.report.processor.graph.impl.BytesThroughputGraphConsumer#stopProducing(): bytesThroughputOverTime produced 0 samples
2020-03-01 19:12:49,215 INFO o.a.j.r.p.AbstractSampleConsumer: class org.apache.jmeter.report.processor.graph.impl.CodesPerSecondGraphConsumer#stopProducing(): codesPerSecond produced 0 samples
2020-03-01 19:12:49,217 INFO o.a.j.r.p.AbstractSampleConsumer: class org.apache.jmeter.report.processor.graph.impl.ResponseTimeVSRequestGraphConsumer#stopProducing(): responseTimeVsRequest produced 0 samples
2020-03-01 19:12:49,217 INFO o.a.j.r.p.AbstractSampleConsumer: class org.apache.jmeter.report.processor.FilterConsumer#stopProducing(): startIntervalControlerFilter produced 21 samples
2020-03-01 19:12:49,217 INFO o.a.j.r.p.AbstractSampleConsumer: class org.apache.jmeter.report.processor.graph.impl.TotalTPSGraphConsumer#stopProducing(): totalTPS produced 0 samples
2020-03-01 19:12:49,217 INFO o.a.j.r.p.AbstractSampleConsumer: class org.apache.jmeter.report.processor.graph.impl.ActiveThreadsGraphConsumer#stopProducing(): activeThreadsOverTime produced 0 samples
2020-03-01 19:12:49,217 INFO o.a.j.r.p.AbstractSampleConsumer: class org.apache.jmeter.report.processor.graph.impl.TimeVSThreadGraphConsumer#stopProducing(): timeVsThreads produced 0 samples
2020-03-01 19:12:49,217 INFO o.a.j.r.p.AbstractSampleConsumer: class org.apache.jmeter.report.processor.graph.impl.ResponseTimeDistributionGraphConsumer#stopProducing(): responseTimeDistribution produced 0 samples
2020-03-01 19:12:49,217 INFO o.a.j.r.p.AbstractSampleConsumer: class org.apache.jmeter.report.processor.graph.impl.TransactionsPerSecondGraphConsumer#stopProducing(): transactionsPerSecond produced 0 samples
2020-03-01 19:12:49,218 INFO o.a.j.r.p.AbstractSampleConsumer: class org.apache.jmeter.report.processor.graph.impl.ResponseTimePercentilesGraphConsumer#stopProducing(): responseTimePercentiles produced 0 samples
2020-03-01 19:12:49,219 INFO o.a.j.r.p.AbstractSampleConsumer: class org.apache.jmeter.report.processor.graph.impl.ResponseTimePercentilesOverTimeGraphConsumer#stopProducing(): responseTimePercentilesOverTime produced 0 samples
2020-03-01 19:12:49,219 INFO o.a.j.r.p.AbstractSampleConsumer: class org.apache.jmeter.report.processor.graph.impl.ResponseTimeOverTimeGraphConsumer#stopProducing(): responseTimesOverTime produced 0 samples
2020-03-01 19:12:49,219 INFO o.a.j.r.p.AbstractSampleConsumer: class org.apache.jmeter.report.processor.graph.impl.ConnectTimeOverTimeGraphConsumer#stopProducing(): connectTimeOverTime produced 0 samples
2020-03-01 19:12:49,219 INFO o.a.j.r.p.AbstractSampleConsumer: class org.apache.jmeter.report.processor.graph.impl.LatencyOverTimeGraphConsumer#stopProducing(): latenciesOverTime produced 0 samples
2020-03-01 19:12:49,220 INFO o.a.j.r.p.AbstractSampleConsumer: class org.apache.jmeter.report.processor.FilterConsumer#stopProducing(): nameFilter produced 45 samples
2020-03-01 19:12:49,220 INFO o.a.j.r.p.AbstractSampleConsumer: class org.apache.jmeter.report.processor.FilterConsumer#stopProducing(): dateRangeFilter produced 9 samples
2020-03-01 19:12:49,220 INFO o.a.j.r.p.AbstractSampleConsumer: class org.apache.jmeter.report.processor.NormalizerSampleConsumer#stopProducing(): normalizer produced 3 samples
2020-03-01 19:12:49,220 INFO o.a.j.r.p.CsvFileSampleSource: produce(): 3 samples produced in 60ms on channel 0
2020-03-01 19:12:49,221 INFO o.a.j.r.d.ReportGenerator: Exporting data using exporter:'json' of className:'org.apache.jmeter.report.dashboard.JsonExporter'
2020-03-01 19:12:49,223 INFO o.a.j.r.d.JsonExporter: Found data for consumer statisticsSummary in context
2020-03-01 19:12:49,223 INFO o.a.j.r.d.JsonExporter: Creating statistics for overall
2020-03-01 19:12:49,224 INFO o.a.j.r.d.JsonExporter: Creating statistics for other transactions
2020-03-01 19:12:49,224 INFO o.a.j.r.d.JsonExporter: Checking output folder
2020-03-01 19:12:49,224 INFO o.a.j.r.d.JsonExporter: Writing statistics JSON to /home/jinhu/Repos/apache-jmeter-demo/./testresults/statistics.json
2020-03-01 19:12:49,412 INFO o.a.j.r.d.ReportGenerator: Exporting data using exporter:'html' of className:'org.apache.jmeter.report.dashboard.HtmlTemplateExporter'
2020-03-01 19:12:49,415 INFO o.a.j.r.d.HtmlTemplateExporter: Will generate dashboard in folder: /home/jinhu/Repos/apache-jmeter-demo/./testresults
2020-03-01 19:12:49,502 INFO o.a.j.r.d.HtmlTemplateExporter: Report will be generated in: /home/jinhu/Repos/apache-jmeter-demo/./testresults, creating folder structure
2020-03-01 19:12:49,507 INFO o.a.j.r.d.TemplateVisitor: Copying folder from '/opt/jmeter/bin/report-template' to '/home/jinhu/Repos/apache-jmeter-demo/./testresults', got message: /home/jinhu/Repos/apache-jmeter-demo/./testresults, found non empty folder with following content [/home/jinhu/Repos/apache-jmeter-demo/./testresults/statistics.json], will be ignored
2020-03-01 19:12:49,756 INFO o.a.j.JMeter: Dashboard generated
